INFO - 2024-04-12 15:08:04,022 Image 20211222_201841.jpg prétraitée et sauvegardée avec succès.
INFO - 2024-04-12 15:08:04,132 Image 20211222_203807.jpg prétraitée et sauvegardée avec succès.
INFO - 2024-04-12 15:08:04,244 Image 20211222_203900.jpg prétraitée et sauvegardée avec succès.
INFO - 2024-04-12 15:08:04,352 Image 20211222_204406.jpg prétraitée et sauvegardée avec succès.
INFO - 2024-04-12 15:08:04,472 Image 20211222_204711.jpg prétraitée et sauvegardée avec succès.
INFO - 2024-04-12 15:08:04,591 Image 20211222_204714.jpg prétraitée et sauvegardée avec succès.
INFO - 2024-04-12 15:08:04,695 Image 20211222_205129.jpg prétraitée et sauvegardée avec succès.
INFO - 2024-04-12 15:08:04,799 Image 20211222_205137.jpg prétraitée et sauvegardée avec succès.
INFO - 2024-04-12 15:08:04,903 Image 20211222_205214.jpg prétraitée et sauvegardée avec succès.
INFO - 2024-04-12 15:08:05,009 Image 20211222_205241.jpg prétraitée et sauvegardée avec succès.
INFO - 2024-04-12 15:08:05,116 Image 20211222_205422.jpg prétraitée et sauvegardée avec succès.
INFO - 2024-04-12 15:08:05,219 Image 20211222_205423.jpg prétraitée et sauvegardée avec succès.
INFO - 2024-04-12 15:08:05,331 Image 20211222_205512.jpg prétraitée et sauvegardée avec succès.
INFO - 2024-04-12 15:08:05,443 Image 20211222_205609.jpg prétraitée et sauvegardée avec succès.
INFO - 2024-04-12 15:08:05,555 Image 20211222_205614.jpg prétraitée et sauvegardée avec succès.
INFO - 2024-04-12 15:08:05,691 Image 20211222_205930.jpg prétraitée et sauvegardée avec succès.
INFO - 2024-04-12 15:08:05,827 Image 20211222_205940.jpg prétraitée et sauvegardée avec succès.
INFO - 2024-04-12 15:08:05,947 Image 20211222_205945.jpg prétraitée et sauvegardée avec succès.
INFO - 2024-04-12 15:08:06,059 Image 20211222_210328.jpg prétraitée et sauvegardée avec succès.
INFO - 2024-04-12 15:08:06,171 Image 20211222_210441.jpg prétraitée et sauvegardée avec succès.
INFO - 2024-04-12 15:08:06,403 Image 20211222_210547.jpg prétraitée et sauvegardée avec succès.
INFO - 2024-04-12 15:08:06,523 Image 20211222_210554.jpg prétraitée et sauvegardée avec succès.
INFO - 2024-04-12 15:08:06,633 Image 20211222_210801.jpg prétraitée et sauvegardée avec succès.
INFO - 2024-04-12 15:08:06,740 Image 20211222_210938.jpg prétraitée et sauvegardée avec succès.
INFO - 2024-04-12 15:08:06,859 Image 20211222_211011.jpg prétraitée et sauvegardée avec succès.
INFO - 2024-04-12 15:08:06,987 Image 20211222_211033.jpg prétraitée et sauvegardée avec succès.
INFO - 2024-04-12 15:08:07,099 Image 20211222_211406.jpg prétraitée et sauvegardée avec succès.
INFO - 2024-04-12 15:08:07,251 Image 20220114_155548.jpg prétraitée et sauvegardée avec succès.
INFO - 2024-04-12 15:08:07,331 Image 20220503_135854.jpg prétraitée et sauvegardée avec succès.
INFO - 2024-04-12 15:08:07,419 Image 20220503_135949.jpg prétraitée et sauvegardée avec succès.
INFO - 2024-04-12 15:08:07,507 Image 20220503_135953.jpg prétraitée et sauvegardée avec succès.
INFO - 2024-04-12 15:08:07,587 Image 20220503_140005.jpg prétraitée et sauvegardée avec succès.
INFO - 2024-04-12 15:08:07,667 Image 20220503_140007.jpg prétraitée et sauvegardée avec succès.
INFO - 2024-04-12 15:08:07,747 Image 20220503_140034.jpg prétraitée et sauvegardée avec succès.
INFO - 2024-04-12 15:08:07,827 Image 20220503_153251.jpg prétraitée et sauvegardée avec succès.
INFO - 2024-04-12 15:08:07,915 Image 20220503_153310.jpg prétraitée et sauvegardée avec succès.
INFO - 2024-04-12 15:08:07,939 Image Image1 am.jpg prétraitée et sauvegardée avec succès.
INFO - 2024-04-12 15:08:07,955 Image Image1.jpg prétraitée et sauvegardée avec succès.
INFO - 2024-04-12 15:08:08,139 Image Image2-lanczos3 (1).jpg prétraitée et sauvegardée avec succès.
INFO - 2024-04-12 15:08:08,195 Image Image2-lanczos3.jpg prétraitée et sauvegardée avec succès.
INFO - 2024-04-12 15:08:08,203 Image Image2.jpg prétraitée et sauvegardée avec succès.
INFO - 2024-04-12 15:08:08,211 Image Image3.jpg prétraitée et sauvegardée avec succès.
INFO - 2024-04-12 15:08:08,219 Image Image4.jpg prétraitée et sauvegardée avec succès.
INFO - 2024-04-12 15:08:08,219 Toutes les images ont été prétraitées et sauvegardées.
